<?xml version="1.0" encoding="UTF-8"?>
<testsuite name="android.keyboard.engine.ShapeNormalizerTest" tests="5" skipped="0" failures="0" errors="0" timestamp="2026-06-26T22:37:07.051Z" hostname="MKV1208" time="0.149">
  <properties/>
  <testcase name="merging already-merged group is a no-op" classname="android.keyboard.engine.ShapeNormalizerTest" time="0.064"/>
  <testcase name="merging into an existing group re-elects topmost-left owner across all members" classname="android.keyboard.engine.ShapeNormalizerTest" time="0.053"/>
  <testcase name="unmerge splits a member back out and preserves owner role on the remaining group" classname="android.keyboard.engine.ShapeNormalizerTest" time="0.003"/>
  <testcase name="merge off-grid direction is a no-op" classname="android.keyboard.engine.ShapeNormalizerTest" time="0.001"/>
  <testcase name="merge two adjacent cells elects topmost-left owner and keeps active role" classname="android.keyboard.engine.ShapeNormalizerTest" time="0.002"/>
  <system-out><![CDATA[]]></system-out>
  <system-err><![CDATA[]]></system-err>
</testsuite>
